Arguments: 
  /usr/local/bin/node /usr/local/Cellar/yarn/1.22.10/libexec/bin/yarn.js install

PATH: 
  /usr/local/bin:/usr/bin:/bin:/usr/sbin:/sbin:/opt/gradle/gradle-6.7/bin:/opt/flutter/bin:/opt/gradle/gradle-6.7/bin:/opt/flutter/bin

Yarn version: 
  1.22.10

Node version: 
  14.15.0

Platform: 
  darwin x64

Trace: 
  Error: https://registry.yarnpkg.com/@dhis2%2fanalytics: ETIMEDOUT
      at Timeout._onTimeout (/usr/local/Cellar/yarn/1.22.10/libexec/lib/cli.js:141409:19)
      at listOnTimeout (internal/timers.js:554:17)
      at processTimers (internal/timers.js:497:7)

npm manifest: 
  {
    "name": "scorecard",
    "version": "1.0.0",
    "description": "",
    "license": "BSD-3-Clause",
    "private": true,
    "scripts": {
      "build": "d2-app-scripts build",
      "start": "d2-app-scripts start",
      "test": "d2-app-scripts test",
      "e2e-interactive": "d2-utils-cypress open",
      "e2e": "cypress run",
      "cy:component": "yarn cypress open-ct",
      "deploy": "d2-app-scripts deploy"
    },
    "devDependencies": {
      "@cypress/react": "^5.9.1",
      "@cypress/webpack-dev-server": "^1.3.1",
      "@dhis2/cli-app-scripts": "^6.2.0",
      "@dhis2/cli-style": "^8.3.0",
      "@dhis2/cli-utils-cypress": "^7.0.1",
      "@dhis2/cypress-commands": "^8.0.1",
      "@dhis2/cypress-plugins": "^8.0.1",
      "cucumber": "^7.0.0-rc.0",
      "cypress-cucumber-preprocessor": "^4.1.2",
      "eslint-plugin-cypress": "^2.11.3",
      "react": "16.14.0"
    },
    "dependencies": {
      "@dhis2/analytics": "^18.3.1",
      "@dhis2/app-runtime": "^2.8.0",
      "@dhis2/app-service-datastore": "^1.0.0-alpha.2",
      "@dhis2/ui": "^6.8.0",
      "@iapps/period-utilities": "^1.0.0-beta.4",
      "cypress": "^7.5.0",
      "jodit-react": "^1.0.88",
      "lodash": "^4.17.21",
      "luxon": "^1.27.0",
      "prop-types": "^15.7.2",
      "react-color": "^2.19.3",
      "react-router-dom": "^5.2.0",
      "recoil": "^0.3.1"
    },
    "cypress-cucumber-preprocessor": {
      "nonGlobalStepDefinitions": true
    }
  }

yarn manifest: 
  No manifest

Lockfile: 
  No lockfile
